<?xml version="1.0"?>
<!DOCTYPE coverage SYSTEM "http://cobertura.sourceforge.net/xml/coverage-04.dtd">

<coverage line-rate="0.925" branch-rate="0.9" lines-covered="37" lines-valid="40" branches-covered="9" branches-valid="10" complexity="1.4848484848484849" version="2.1.1" timestamp="1519215510042">
	<sources>
		<source>/home/travis/build/ZulusK/OOPLabs2/src/main/java</source>
		<source>/home/travis/build/ZulusK/OOPLabs2/target/generated-sources/annotations</source>
		<source>--source</source>
	</sources>
	<packages>
		<package name="zulus.lab1" line-rate="0.925" branch-rate="0.9" complexity="1.4848484848484849">
			<classes>
				<class name="zulus.lab1.AbstractCalculator" filename="zulus/lab1/AbstractCalculator.java" line-rate="1.0" branch-rate="0.9" complexity="2.1818181818181817">
					<methods>
						<method name="&lt;init&gt;" signature="(Lzulus/lab1/ICalculator;)V" line-rate="1.0" branch-rate="0.5" complexity="0">
							<lines>
								<line number="37" hits="35" branch="false"/>
								<line number="38" hits="35" branch="true" condition-coverage="50% (1/2)">
									<conditions>
										<condition number="0" type="jump" coverage="50%"/>
									</conditions>
								</line>
								<line number="39" hits="35" branch="false"/>
								<line number="40" hits="35" branch="false"/>
							</lines>
						</method>
						<method name="div" signature="(DD)D" line-rate="1.0" branch-rate="1.0" complexity="0">
							<lines>
								<line number="72" hits="2" branch="false"/>
							</lines>
						</method>
						<method name="divByModulo" signature="(II)I" line-rate="1.0" branch-rate="1.0" complexity="0">
							<lines>
								<line number="108" hits="2" branch="true" condition-coverage="100% (2/2)">
									<conditions>
										<condition number="0" type="jump" coverage="100%"/>
									</conditions>
								</line>
								<line number="109" hits="1" branch="false"/>
								<line number="111" hits="1" branch="false"/>
							</lines>
						</method>
						<method name="get_calculator" signature="()Lzulus/lab1/ICalculator;" line-rate="1.0" branch-rate="1.0" complexity="0">
							<lines>
								<line number="19" hits="3" branch="false"/>
							</lines>
						</method>
						<method name="isInEngineerMode" signature="()Z" line-rate="1.0" branch-rate="1.0" complexity="0">
							<lines>
								<line number="136" hits="9" branch="false"/>
							</lines>
						</method>
						<method name="multiply" signature="(II)J" line-rate="1.0" branch-rate="1.0" complexity="0">
							<lines>
								<line number="61" hits="2" branch="false"/>
							</lines>
						</method>
						<method name="pow" signature="(DD)D" line-rate="1.0" branch-rate="1.0" complexity="0">
							<lines>
								<line number="123" hits="2" branch="true" condition-coverage="100% (2/2)">
									<conditions>
										<condition number="0" type="jump" coverage="100%"/>
									</conditions>
								</line>
								<line number="124" hits="1" branch="false"/>
								<line number="126" hits="1" branch="false"/>
							</lines>
						</method>
						<method name="set_calculator" signature="(Lzulus/lab1/ICalculator;)V" line-rate="1.0" branch-rate="1.0" complexity="0">
							<lines>
								<line number="28" hits="2" branch="true" condition-coverage="100% (2/2)">
									<conditions>
										<condition number="0" type="jump" coverage="100%"/>
									</conditions>
								</line>
								<line number="29" hits="1" branch="false"/>
								<line number="30" hits="1" branch="false"/>
							</lines>
						</method>
						<method name="sqrt" signature="(D)D" line-rate="1.0" branch-rate="1.0" complexity="0">
							<lines>
								<line number="93" hits="2" branch="true" condition-coverage="100% (2/2)">
									<conditions>
										<condition number="0" type="jump" coverage="100%"/>
									</conditions>
								</line>
								<line number="94" hits="1" branch="false"/>
								<line number="96" hits="1" branch="false"/>
							</lines>
						</method>
						<method name="subtract" signature="(II)I" line-rate="1.0" branch-rate="1.0" complexity="0">
							<lines>
								<line number="83" hits="2" branch="false"/>
							</lines>
						</method>
						<method name="sum" signature="(II)I" line-rate="1.0" branch-rate="1.0" complexity="0">
							<lines>
								<line number="50" hits="2" branch="false"/>
							</lines>
						</method>
					</methods>
					<lines>
						<line number="19" hits="3" branch="false"/>
						<line number="28" hits="2" branch="true" condition-coverage="100% (2/2)">
							<conditions>
								<condition number="0" type="jump" coverage="100%"/>
							</conditions>
						</line>
						<line number="29" hits="1" branch="false"/>
						<line number="30" hits="1" branch="false"/>
						<line number="37" hits="35" branch="false"/>
						<line number="38" hits="35" branch="true" condition-coverage="50% (1/2)">
							<conditions>
								<condition number="0" type="jump" coverage="50%"/>
							</conditions>
						</line>
						<line number="39" hits="35" branch="false"/>
						<line number="40" hits="35" branch="false"/>
						<line number="50" hits="2" branch="false"/>
						<line number="61" hits="2" branch="false"/>
						<line number="72" hits="2" branch="false"/>
						<line number="83" hits="2" branch="false"/>
						<line number="93" hits="2" branch="true" condition-coverage="100% (2/2)">
							<conditions>
								<condition number="0" type="jump" coverage="100%"/>
							</conditions>
						</line>
						<line number="94" hits="1" branch="false"/>
						<line number="96" hits="1" branch="false"/>
						<line number="108" hits="2" branch="true" condition-coverage="100% (2/2)">
							<conditions>
								<condition number="0" type="jump" coverage="100%"/>
							</conditions>
						</line>
						<line number="109" hits="1" branch="false"/>
						<line number="111" hits="1" branch="false"/>
						<line number="123" hits="2" branch="true" condition-coverage="100% (2/2)">
							<conditions>
								<condition number="0" type="jump" coverage="100%"/>
							</conditions>
						</line>
						<line number="124" hits="1" branch="false"/>
						<line number="126" hits="1" branch="false"/>
						<line number="136" hits="9" branch="false"/>
					</lines>
				</class>
				<class name="zulus.lab1.EngineerCalculator" filename="zulus/lab1/EngineerCalculator.java" line-rate="1.0" branch-rate="1.0" complexity="1.0">
					<methods>
						<method name="&lt;init&gt;" signature="()V" line-rate="1.0" branch-rate="1.0" complexity="0">
							<lines>
								<line number="12" hits="18" branch="false"/>
							</lines>
						</method>
						<method name="div" signature="(DD)D" line-rate="1.0" branch-rate="1.0" complexity="0">
							<lines>
								<line number="26" hits="1" branch="false"/>
							</lines>
						</method>
						<method name="divByModulo" signature="(II)I" line-rate="1.0" branch-rate="1.0" complexity="0">
							<lines>
								<line number="41" hits="1" branch="false"/>
							</lines>
						</method>
						<method name="multiply" signature="(II)J" line-rate="1.0" branch-rate="1.0" complexity="0">
							<lines>
								<line number="21" hits="1" branch="false"/>
							</lines>
						</method>
						<method name="pow" signature="(DD)D" line-rate="1.0" branch-rate="1.0" complexity="0">
							<lines>
								<line number="46" hits="1" branch="false"/>
							</lines>
						</method>
						<method name="sqrt" signature="(D)D" line-rate="1.0" branch-rate="1.0" complexity="0">
							<lines>
								<line number="36" hits="1" branch="false"/>
							</lines>
						</method>
						<method name="subtract" signature="(II)I" line-rate="1.0" branch-rate="1.0" complexity="0">
							<lines>
								<line number="31" hits="1" branch="false"/>
							</lines>
						</method>
						<method name="sum" signature="(II)I" line-rate="1.0" branch-rate="1.0" complexity="0">
							<lines>
								<line number="16" hits="1" branch="false"/>
							</lines>
						</method>
					</methods>
					<lines>
						<line number="12" hits="18" branch="false"/>
						<line number="16" hits="1" branch="false"/>
						<line number="21" hits="1" branch="false"/>
						<line number="26" hits="1" branch="false"/>
						<line number="31" hits="1" branch="false"/>
						<line number="36" hits="1" branch="false"/>
						<line number="41" hits="1" branch="false"/>
						<line number="46" hits="1" branch="false"/>
					</lines>
				</class>
				<class name="zulus.lab1.ICalculator" filename="zulus/lab1/ICalculator.java" line-rate="1.0" branch-rate="1.0" complexity="1.0">
					<methods>
					</methods>
					<lines>
					</lines>
				</class>
				<class name="zulus.lab1.InvalidCalcModeException" filename="zulus/lab1/InvalidCalcModeException.java" line-rate="1.0" branch-rate="1.0" complexity="1.0">
					<methods>
						<method name="&lt;init&gt;" signature="()V" line-rate="1.0" branch-rate="1.0" complexity="0">
							<lines>
								<line number="9" hits="3" branch="false"/>
								<line number="10" hits="3" branch="false"/>
							</lines>
						</method>
					</methods>
					<lines>
						<line number="9" hits="3" branch="false"/>
						<line number="10" hits="3" branch="false"/>
					</lines>
				</class>
				<class name="zulus.lab1.SimpleCalculator" filename="zulus/lab1/SimpleCalculator.java" line-rate="0.625" branch-rate="1.0" complexity="1.4285714285714286">
					<methods>
						<method name="&lt;init&gt;" signature="()V" line-rate="1.0" branch-rate="1.0" complexity="0">
							<lines>
								<line number="11" hits="18" branch="false"/>
							</lines>
						</method>
						<method name="div" signature="(DD)D" line-rate="1.0" branch-rate="1.0" complexity="0">
							<lines>
								<line number="25" hits="1" branch="false"/>
							</lines>
						</method>
						<method name="divByModulo" signature="(II)I" line-rate="0.0" branch-rate="1.0" complexity="0">
							<lines>
								<line number="40" hits="0" branch="false"/>
							</lines>
						</method>
						<method name="multiply" signature="(II)J" line-rate="1.0" branch-rate="1.0" complexity="0">
							<lines>
								<line number="20" hits="1" branch="false"/>
							</lines>
						</method>
						<method name="pow" signature="(DD)D" line-rate="0.0" branch-rate="1.0" complexity="0">
							<lines>
								<line number="45" hits="0" branch="false"/>
							</lines>
						</method>
						<method name="sqrt" signature="(D)D" line-rate="0.0" branch-rate="1.0" complexity="0">
							<lines>
								<line number="35" hits="0" branch="false"/>
							</lines>
						</method>
						<method name="subtract" signature="(II)I" line-rate="1.0" branch-rate="1.0" complexity="0">
							<lines>
								<line number="30" hits="1" branch="false"/>
							</lines>
						</method>
						<method name="sum" signature="(II)I" line-rate="1.0" branch-rate="1.0" complexity="0">
							<lines>
								<line number="15" hits="1" branch="false"/>
							</lines>
						</method>
					</methods>
					<lines>
						<line number="11" hits="18" branch="false"/>
						<line number="15" hits="1" branch="false"/>
						<line number="20" hits="1" branch="false"/>
						<line number="25" hits="1" branch="false"/>
						<line number="30" hits="1" branch="false"/>
						<line number="35" hits="0" branch="false"/>
						<line number="40" hits="0" branch="false"/>
						<line number="45" hits="0" branch="false"/>
					</lines>
				</class>
			</classes>
		</package>
	</packages>
</coverage>
